node:events:496
      throw er; // Unhandled 'error' event
      ^

Error: listen EADDRINUSE: address already in use :::2052
    at Server.setupListenHandle [as _listen2] (node:net:1907:16)
    at listenInCluster (node:net:1964:12)
    at Server.listen (node:net:2066:7)
    at Function.listen (C:\hr\node_modules\express\lib\application.js:635:24)
    at Object.<anonymous> (C:\hr\test.js:34:5)
    at Module._compile (node:internal/modules/cjs/loader:1546:14)
    at Object..js (node:internal/modules/cjs/loader:1689:10)
    at Module.load (node:internal/modules/cjs/loader:1318:32)
    at Function._load (node:internal/modules/cjs/loader:1128:12)
    at TracingChannel.traceSync (node:diagnostics_channel:315:14)
Emitted 'error' event on Server instance at:
    at emitErrorNT (node:net:1943:8)
    at process.processTicksAndRejections (node:internal/process/task_queues:90:21) {
  code: 'EADDRINUSE',
  errno: -4091,
  syscall: 'listen',
  address: '::',
  port: 2052
}

Node.js v22.11.0
node:events:496
      throw er; // Unhandled 'error' event
      ^

Error: listen EADDRINUSE: address already in use :::2052
    at Server.setupListenHandle [as _listen2] (node:net:1907:16)
    at listenInCluster (node:net:1964:12)
    at Server.listen (node:net:2066:7)
    at Function.listen (C:\hr\node_modules\express\lib\application.js:635:24)
    at Object.<anonymous> (C:\hr\test.js:34:5)
    at Module._compile (node:internal/modules/cjs/loader:1546:14)
    at Object..js (node:internal/modules/cjs/loader:1689:10)
    at Module.load (node:internal/modules/cjs/loader:1318:32)
    at Function._load (node:internal/modules/cjs/loader:1128:12)
    at TracingChannel.traceSync (node:diagnostics_channel:315:14)
Emitted 'error' event on Server instance at:
    at emitErrorNT (node:net:1943:8)
    at process.processTicksAndRejections (node:internal/process/task_queues:90:21) {
  code: 'EADDRINUSE',
  errno: -4091,
  syscall: 'listen',
  address: '::',
  port: 2052
}

Node.js v22.11.0
node:events:496
      throw er; // Unhandled 'error' event
      ^

Error: listen EADDRINUSE: address already in use :::2052
    at Server.setupListenHandle [as _listen2] (node:net:1907:16)
    at listenInCluster (node:net:1964:12)
    at Server.listen (node:net:2066:7)
    at Function.listen (C:\hr\node_modules\express\lib\application.js:635:24)
    at Object.<anonymous> (C:\hr\test.js:34:5)
    at Module._compile (node:internal/modules/cjs/loader:1546:14)
    at Object..js (node:internal/modules/cjs/loader:1689:10)
    at Module.load (node:internal/modules/cjs/loader:1318:32)
    at Function._load (node:internal/modules/cjs/loader:1128:12)
    at TracingChannel.traceSync (node:diagnostics_channel:315:14)
Emitted 'error' event on Server instance at:
    at emitErrorNT (node:net:1943:8)
    at process.processTicksAndRejections (node:internal/process/task_queues:90:21) {
  code: 'EADDRINUSE',
  errno: -4091,
  syscall: 'listen',
  address: '::',
  port: 2052
}

Node.js v22.11.0
node:events:496
      throw er; // Unhandled 'error' event
      ^

Error: listen EADDRINUSE: address already in use :::2052
    at Server.setupListenHandle [as _listen2] (node:net:1907:16)
    at listenInCluster (node:net:1964:12)
    at Server.listen (node:net:2066:7)
    at Function.listen (C:\hr\node_modules\express\lib\application.js:635:24)
    at Object.<anonymous> (C:\hr\test.js:34:5)
    at Module._compile (node:internal/modules/cjs/loader:1546:14)
    at Object..js (node:internal/modules/cjs/loader:1689:10)
    at Module.load (node:internal/modules/cjs/loader:1318:32)
    at Function._load (node:internal/modules/cjs/loader:1128:12)
    at TracingChannel.traceSync (node:diagnostics_channel:315:14)
Emitted 'error' event on Server instance at:
    at emitErrorNT (node:net:1943:8)
    at process.processTicksAndRejections (node:internal/process/task_queues:90:21) {
  code: 'EADDRINUSE',
  errno: -4091,
  syscall: 'listen',
  address: '::',
  port: 2052
}

Node.js v22.11.0
node:events:496
      throw er; // Unhandled 'error' event
      ^

Error: listen EADDRINUSE: address already in use :::2052
    at Server.setupListenHandle [as _listen2] (node:net:1907:16)
    at listenInCluster (node:net:1964:12)
    at Server.listen (node:net:2066:7)
    at Function.listen (C:\hr\node_modules\express\lib\application.js:635:24)
    at Object.<anonymous> (C:\hr\test.js:34:5)
    at Module._compile (node:internal/modules/cjs/loader:1546:14)
    at Object..js (node:internal/modules/cjs/loader:1689:10)
    at Module.load (node:internal/modules/cjs/loader:1318:32)
    at Function._load (node:internal/modules/cjs/loader:1128:12)
    at TracingChannel.traceSync (node:diagnostics_channel:315:14)
Emitted 'error' event on Server instance at:
    at emitErrorNT (node:net:1943:8)
    at process.processTicksAndRejections (node:internal/process/task_queues:90:21) {
  code: 'EADDRINUSE',
  errno: -4091,
  syscall: 'listen',
  address: '::',
  port: 2052
}

Node.js v22.11.0
node:events:496
      throw er; // Unhandled 'error' event
      ^

Error: listen EADDRINUSE: address already in use :::2052
    at Server.setupListenHandle [as _listen2] (node:net:1907:16)
    at listenInCluster (node:net:1964:12)
    at Server.listen (node:net:2066:7)
    at Function.listen (C:\hr\node_modules\express\lib\application.js:635:24)
    at Object.<anonymous> (C:\hr\test.js:34:5)
    at Module._compile (node:internal/modules/cjs/loader:1546:14)
    at Object..js (node:internal/modules/cjs/loader:1689:10)
    at Module.load (node:internal/modules/cjs/loader:1318:32)
    at Function._load (node:internal/modules/cjs/loader:1128:12)
    at TracingChannel.traceSync (node:diagnostics_channel:315:14)
Emitted 'error' event on Server instance at:
    at emitErrorNT (node:net:1943:8)
    at process.processTicksAndRejections (node:internal/process/task_queues:90:21) {
  code: 'EADDRINUSE',
  errno: -4091,
  syscall: 'listen',
  address: '::',
  port: 2052
}

Node.js v22.11.0
URIError: Failed to decode param '%PUBLIC_URL%/manifest.json'
    at decodeURIComponent (<anonymous>)
    at decode_param (C:\hr\node_modules\express\lib\router\layer.js:172:12)
    at Layer.match (C:\hr\node_modules\express\lib\router\layer.js:148:15)
    at matchLayer (C:\hr\node_modules\express\lib\router\index.js:585:18)
    at next (C:\hr\node_modules\express\lib\router\index.js:226:15)
    at SendStream.error (C:\hr\node_modules\serve-static\index.js:121:7)
    at SendStream.emit (node:events:518:28)
    at SendStream.error (C:\hr\node_modules\send\index.js:270:17)
    at SendStream.pipe (C:\hr\node_modules\send\index.js:516:10)
    at serveStatic (C:\hr\node_modules\serve-static\index.js:125:12)
URIError: Failed to decode param '%PUBLIC_URL%/favicon.ico'
    at decodeURIComponent (<anonymous>)
    at decode_param (C:\hr\node_modules\express\lib\router\layer.js:172:12)
    at Layer.match (C:\hr\node_modules\express\lib\router\layer.js:148:15)
    at matchLayer (C:\hr\node_modules\express\lib\router\index.js:585:18)
    at next (C:\hr\node_modules\express\lib\router\index.js:226:15)
    at SendStream.error (C:\hr\node_modules\serve-static\index.js:121:7)
    at SendStream.emit (node:events:518:28)
    at SendStream.error (C:\hr\node_modules\send\index.js:270:17)
    at SendStream.pipe (C:\hr\node_modules\send\index.js:516:10)
    at serveStatic (C:\hr\node_modules\serve-static\index.js:125:12)
